<?xml version="1.0" encoding="UTF-8"?>
<!-- Generated by org.testng.reporters.JUnitXMLReporter -->
<testsuite hostname="nbrmurthy8" name="Default test" tests="4" failures="0" timestamp="14 Nov 2014 12:55:08 GMT" time="0.031" errors="0">
  <testcase name="loginTest" time="0.009" classname="SingleDPwithDifferentData.TestsWithSingleDP"/>
  <testcase name="loginTest" time="0.001" classname="SingleDPwithDifferentData.TestsWithSingleDP"/>
  <testcase name="registerTest" time="0.001" classname="SingleDPwithDifferentData.TestsWithSingleDP"/>
  <testcase name="registerTest" time="0.001" classname="SingleDPwithDifferentData.TestsWithSingleDP"/>
</testsuite> <!-- Default test -->
