<?xml version="1.0" encoding="UTF-8"?>
<!-- Generated by org.testng.reporters.JUnitXMLReporter -->
<testsuite hostname="nbrmurthy8" name="Listener Test" tests="1" failures="1" timestamp="15 Nov 2014 08:04:07 GMT" time="0.029" errors="0">
  <testcase name="logIn" time="0.013" classname="testng_listeners.LoginTest">
    <failure type="java.lang.AssertionError" message="expected [B] but found [A]">
      <![CDATA[java.lang.AssertionError: expected [B] but found [A]
	at testng_listeners.LoginTest.logIn(LoginTest.java:10)
... Removed 29 stack frames]]>
    </failure>
  </testcase> <!-- logIn -->
</testsuite> <!-- Listener Test -->
