<?xml version="1.0" encoding="UTF-8"?>
<!-- Generated by org.testng.reporters.JUnitXMLReporter -->
<testsuite hostname="nbrmurthy8" name="Yahoo Register Test" tests="3" failures="0" timestamp="15 Nov 2014 07:49:47 GMT" time="0.007" errors="0">
  <testcase name="testRegister" time="0.001" classname="test.YahooRegistrationTest"/>
  <testcase name="testRegister" time="0.0" classname="test.YahooRegistrationTest"/>
  <testcase name="testRegister" time="0.001" classname="test.YahooRegistrationTest"/>
</testsuite> <!-- Yahoo Register Test -->
