<?xml version="1.0" encoding="UTF-8"?>
<!-- Generated by org.testng.reporters.JUnitXMLReporter -->
<testsuite hostname="nbrmurthy8" name="Yahoo News Test" tests="1" failures="1" timestamp="13 Nov 2014 13:39:38 GMT" time="0.0" errors="0">
  <testcase name="testNews" time="0.0" classname="test.YahooNewsTest">
    <failure type="java.lang.AssertionError" message="Error Message 1&amp;lt;9 expected [false] but found [true]">
      <![CDATA[java.lang.AssertionError: Error Message 1<9 expected [false] but found [true]
	at test.YahooNewsTest.testNews(YahooNewsTest.java:14)
... Removed 27 stack frames]]>
    </failure>
  </testcase> <!-- testNews -->
</testsuite> <!-- Yahoo News Test -->
